
*** Running vivado
    with args -log design_1_axi_convolution_0_0.vds -m64 -product Vivado -mode batch -messageDb vivado.pb -notrace -source design_1_axi_convolution_0_0.tcl



****** Vivado v2021.1 (64-bit)
  **** SW Build 3247384 on Thu Jun 10 19:36:33 MDT 2021
  **** IP Build 3246043 on Fri Jun 11 00:30:35 MDT 2021
    ** Copyright 1986-2021 Xilinx, Inc. All Rights Reserved.

source design_1_axi_convolution_0_0.tcl -notrace
INFO: [IP_Flow 19-234] Refreshing IP repositories
INFO: [IP_Flow 19-1700] Loaded user IP repository 'c:/Users/jgpei/ip_repo/myip_1.0'.
INFO: [IP_Flow 19-2313] Loaded Vivado IP repository 'C:/Xilinx/Vivado/2021.1/data/ip'.
Command: synth_design -top design_1_axi_convolution_0_0 -part xc7z010clg400-1 -mode out_of_context
Starting synth_design
Attempting to get a license for feature 'Synthesis' and/or device 'xc7z010'
INFO: [Common 17-349] Got license for feature 'Synthesis' and/or device 'xc7z010'
INFO: [Device 21-403] Loading part xc7z010clg400-1
INFO: [Synth 8-7079] Multithreading enabled for synth_design using a maximum of 2 processes.
INFO: [Synth 8-7078] Launching helper process for spawning children vivado processes
INFO: [Synth 8-7075] Helper process launched with PID 19784
WARNING: [Synth 8-2507] parameter declaration becomes local in axi_convolution with formal parameter declaration list [C:/Users/jgpei/ebaz_hello_world/ebaz_hello_world.srcs/sources_1/new/axi_convolution.v:52]
---------------------------------------------------------------------------------
Starting RTL Elaboration : Time (s): cpu = 00:00:05 ; elapsed = 00:00:06 . Memory (MB): peak = 1231.562 ; gain = 0.000
---------------------------------------------------------------------------------
INFO: [Synth 8-6157] synthesizing module 'design_1_axi_convolution_0_0' [c:/Users/jgpei/ebaz_hello_world/ebaz_hello_world.gen/sources_1/bd/design_1/ip/design_1_axi_convolution_0_0/synth/design_1_axi_convolution_0_0.v:58]
INFO: [Synth 8-6157] synthesizing module 'axi_convolution' [C:/Users/jgpei/ebaz_hello_world/ebaz_hello_world.srcs/sources_1/new/axi_convolution.v:23]
INFO: [Synth 8-251] wwwww x [C:/Users/jgpei/ebaz_hello_world/ebaz_hello_world.srcs/sources_1/new/axi_convolution.v:206]
INFO: [Synth 8-251] w222 [C:/Users/jgpei/ebaz_hello_world/ebaz_hello_world.srcs/sources_1/new/axi_convolution.v:233]
WARNING: [Synth 8-151] case item 32'b00000000000000000000000000000100 is unreachable [C:/Users/jgpei/ebaz_hello_world/ebaz_hello_world.srcs/sources_1/new/axi_convolution.v:278]
WARNING: [Synth 8-151] case item 32'b00000000000000000000000000001000 is unreachable [C:/Users/jgpei/ebaz_hello_world/ebaz_hello_world.srcs/sources_1/new/axi_convolution.v:278]
INFO: [Synth 8-251] rrrrrr [C:/Users/jgpei/ebaz_hello_world/ebaz_hello_world.srcs/sources_1/new/axi_convolution.v:282]
INFO: [Synth 8-6155] done synthesizing module 'axi_convolution' (1#1) [C:/Users/jgpei/ebaz_hello_world/ebaz_hello_world.srcs/sources_1/new/axi_convolution.v:23]
INFO: [Synth 8-6155] done synthesizing module 'design_1_axi_convolution_0_0' (2#1) [c:/Users/jgpei/ebaz_hello_world/ebaz_hello_world.gen/sources_1/bd/design_1/ip/design_1_axi_convolution_0_0/synth/design_1_axi_convolution_0_0.v:58]
---------------------------------------------------------------------------------
Finished RTL Elaboration : Time (s): cpu = 00:00:06 ; elapsed = 00:00:08 . Memory (MB): peak = 1231.562 ; gain = 0.000
---------------------------------------------------------------------------------
---------------------------------------------------------------------------------
Start Handling Custom Attributes
---------------------------------------------------------------------------------
---------------------------------------------------------------------------------
Finished Handling Custom Attributes : Time (s): cpu = 00:00:07 ; elapsed = 00:00:09 . Memory (MB): peak = 1231.562 ; gain = 0.000
---------------------------------------------------------------------------------
---------------------------------------------------------------------------------
Finished RTL Optimization Phase 1 : Time (s): cpu = 00:00:07 ; elapsed = 00:00:09 . Memory (MB): peak = 1231.562 ; gain = 0.000
---------------------------------------------------------------------------------
Netlist sorting complete. Time (s): cpu = 00:00:00 ; elapsed = 00:00:00.022 . Memory (MB): peak = 1231.562 ; gain = 0.000
INFO: [Project 1-570] Preparing netlist for logic optimization

Processing XDC Constraints
Initializing timing engine
Completed Processing XDC Constraints

Netlist sorting complete. Time (s): cpu = 00:00:00 ; elapsed = 00:00:00.001 . Memory (MB): peak = 1231.562 ; gain = 0.000
INFO: [Project 1-111] Unisim Transformation Summary:
No Unisim elements were transformed.

Constraint Validation Runtime : Time (s): cpu = 00:00:00 ; elapsed = 00:00:00.055 . Memory (MB): peak = 1231.562 ; gain = 0.000
---------------------------------------------------------------------------------
Finished Constraint Validation : Time (s): cpu = 00:00:15 ; elapsed = 00:00:18 . Memory (MB): peak = 1231.562 ; gain = 0.000
---------------------------------------------------------------------------------
---------------------------------------------------------------------------------
Start Loading Part and Timing Information
---------------------------------------------------------------------------------
Loading part: xc7z010clg400-1
---------------------------------------------------------------------------------
Finished Loading Part and Timing Information : Time (s): cpu = 00:00:15 ; elapsed = 00:00:18 . Memory (MB): peak = 1231.562 ; gain = 0.000
---------------------------------------------------------------------------------
---------------------------------------------------------------------------------
Start Applying 'set_property' XDC Constraints
---------------------------------------------------------------------------------
---------------------------------------------------------------------------------
Finished applying 'set_property' XDC Constraints : Time (s): cpu = 00:00:15 ; elapsed = 00:00:18 . Memory (MB): peak = 1231.562 ; gain = 0.000
---------------------------------------------------------------------------------
---------------------------------------------------------------------------------
Finished RTL Optimization Phase 2 : Time (s): cpu = 00:00:16 ; elapsed = 00:00:19 . Memory (MB): peak = 1231.562 ; gain = 0.000
---------------------------------------------------------------------------------
---------------------------------------------------------------------------------
Start RTL Component Statistics 
---------------------------------------------------------------------------------
Detailed RTL Component Info : 
+---Adders : 
	   2 Input   32 Bit       Adders := 6     
	   2 Input    2 Bit       Adders := 4     
+---Registers : 
	               32 Bit    Registers := 21    
	                7 Bit    Registers := 1     
	                2 Bit    Registers := 2     
	                1 Bit    Registers := 6     
+---Multipliers : 
	              32x32  Multipliers := 1     
+---Muxes : 
	   3 Input   32 Bit        Muxes := 18    
	   2 Input   32 Bit        Muxes := 17    
	   2 Input    1 Bit        Muxes := 23    
	  20 Input    1 Bit        Muxes := 19    
---------------------------------------------------------------------------------
Finished RTL Component Statistics 
---------------------------------------------------------------------------------
---------------------------------------------------------------------------------
Start Part Resource Summary
---------------------------------------------------------------------------------
Part Resources:
DSPs: 80 (col length:40)
BRAMs: 120 (col length: RAMB18 40 RAMB36 20)
---------------------------------------------------------------------------------
Finished Part Resource Summary
---------------------------------------------------------------------------------
---------------------------------------------------------------------------------
Start Cross Boundary and Area Optimization
---------------------------------------------------------------------------------
DSP Report: Generating DSP p_2_out, operation Mode is: A*B.
DSP Report: operator p_2_out is absorbed into DSP p_2_out.
DSP Report: operator p_2_out is absorbed into DSP p_2_out.
DSP Report: Generating DSP p_2_out, operation Mode is: (PCIN>>17)+A*B.
DSP Report: operator p_2_out is absorbed into DSP p_2_out.
DSP Report: operator p_2_out is absorbed into DSP p_2_out.
DSP Report: Generating DSP p_2_out, operation Mode is: A*B.
DSP Report: operator p_2_out is absorbed into DSP p_2_out.
DSP Report: operator p_2_out is absorbed into DSP p_2_out.
DSP Report: Generating DSP p_2_out, operation Mode is: (PCIN>>17)+A*B.
DSP Report: operator p_2_out is absorbed into DSP p_2_out.
DSP Report: operator p_2_out is absorbed into DSP p_2_out.
---------------------------------------------------------------------------------
Finished Cross Boundary and Area Optimization : Time (s): cpu = 00:00:19 ; elapsed = 00:00:22 . Memory (MB): peak = 1231.562 ; gain = 0.000
---------------------------------------------------------------------------------
---------------------------------------------------------------------------------
Start ROM, RAM, DSP, Shift Register and Retiming Reporting
---------------------------------------------------------------------------------

DSP: Preliminary Mapping Report (see note below)
+----------------+----------------+--------+--------+--------+--------+--------+------+------+------+------+-------+------+------+
|Module Name     | DSP Mapping    | A Size | B Size | C Size | D Size | P Size | AREG | BREG | CREG | DREG | ADREG | MREG | PREG | 
+----------------+----------------+--------+--------+--------+--------+--------+------+------+------+------+-------+------+------+
|axi_convolution | A*B            | 18     | 16     | -      | -      | 48     | 0    | 0    | -    | -    | -     | 0    | 0    | 
|axi_convolution | (PCIN>>17)+A*B | 16     | 16     | -      | -      | 48     | 0    | 0    | -    | -    | -     | 0    | 0    | 
|axi_convolution | A*B            | 18     | 18     | -      | -      | 48     | 0    | 0    | -    | -    | -     | 0    | 0    | 
|axi_convolution | (PCIN>>17)+A*B | 18     | 16     | -      | -      | 48     | 0    | 0    | -    | -    | -     | 0    | 0    | 
+----------------+----------------+--------+--------+--------+--------+--------+------+------+------+------+-------+------+------+

Note: The table above is a preliminary report that shows the DSPs inferred at the current stage of the synthesis flow. Some DSP may be reimplemented as non DSP primitives later in the synthesis flow. Multiple instantiated DSPs are reported only once.
---------------------------------------------------------------------------------
Finished ROM, RAM, DSP, Shift Register and Retiming Reporting
---------------------------------------------------------------------------------
---------------------------------------------------------------------------------
Start Applying XDC Timing Constraints
---------------------------------------------------------------------------------
---------------------------------------------------------------------------------
Finished Applying XDC Timing Constraints : Time (s): cpu = 00:00:27 ; elapsed = 00:00:31 . Memory (MB): peak = 1231.562 ; gain = 0.000
---------------------------------------------------------------------------------
---------------------------------------------------------------------------------
Start Timing Optimization
---------------------------------------------------------------------------------
---------------------------------------------------------------------------------
Finished Timing Optimization : Time (s): cpu = 00:00:27 ; elapsed = 00:00:31 . Memory (MB): peak = 1231.562 ; gain = 0.000
---------------------------------------------------------------------------------
---------------------------------------------------------------------------------
Start Technology Mapping
---------------------------------------------------------------------------------
---------------------------------------------------------------------------------
Finished Technology Mapping : Time (s): cpu = 00:00:27 ; elapsed = 00:00:31 . Memory (MB): peak = 1231.562 ; gain = 0.000
---------------------------------------------------------------------------------
---------------------------------------------------------------------------------
Start IO Insertion
---------------------------------------------------------------------------------
---------------------------------------------------------------------------------
Start Flattening Before IO Insertion
---------------------------------------------------------------------------------
---------------------------------------------------------------------------------
Finished Flattening Before IO Insertion
---------------------------------------------------------------------------------
---------------------------------------------------------------------------------
Start Final Netlist Cleanup
---------------------------------------------------------------------------------
---------------------------------------------------------------------------------
Finished Final Netlist Cleanup
---------------------------------------------------------------------------------
---------------------------------------------------------------------------------
Finished IO Insertion : Time (s): cpu = 00:00:32 ; elapsed = 00:00:37 . Memory (MB): peak = 1231.562 ; gain = 0.000
---------------------------------------------------------------------------------
---------------------------------------------------------------------------------
Start Renaming Generated Instances
---------------------------------------------------------------------------------
---------------------------------------------------------------------------------
Finished Renaming Generated Instances : Time (s): cpu = 00:00:32 ; elapsed = 00:00:37 . Memory (MB): peak = 1231.562 ; gain = 0.000
---------------------------------------------------------------------------------
---------------------------------------------------------------------------------
Start Rebuilding User Hierarchy
---------------------------------------------------------------------------------
---------------------------------------------------------------------------------
Finished Rebuilding User Hierarchy : Time (s): cpu = 00:00:32 ; elapsed = 00:00:37 . Memory (MB): peak = 1231.562 ; gain = 0.000
---------------------------------------------------------------------------------
---------------------------------------------------------------------------------
Start Renaming Generated Ports
---------------------------------------------------------------------------------
---------------------------------------------------------------------------------
Finished Renaming Generated Ports : Time (s): cpu = 00:00:32 ; elapsed = 00:00:37 . Memory (MB): peak = 1231.562 ; gain = 0.000
---------------------------------------------------------------------------------
---------------------------------------------------------------------------------
Start Handling Custom Attributes
---------------------------------------------------------------------------------
---------------------------------------------------------------------------------
Finished Handling Custom Attributes : Time (s): cpu = 00:00:32 ; elapsed = 00:00:37 . Memory (MB): peak = 1231.562 ; gain = 0.000
---------------------------------------------------------------------------------
---------------------------------------------------------------------------------
Start Renaming Generated Nets
---------------------------------------------------------------------------------
---------------------------------------------------------------------------------
Finished Renaming Generated Nets : Time (s): cpu = 00:00:32 ; elapsed = 00:00:37 . Memory (MB): peak = 1231.562 ; gain = 0.000
---------------------------------------------------------------------------------
---------------------------------------------------------------------------------
Start Writing Synthesis Report
---------------------------------------------------------------------------------

Report BlackBoxes: 
+-+--------------+----------+
| |BlackBox name |Instances |
+-+--------------+----------+
+-+--------------+----------+

Report Cell Usage: 
+------+-----+------+
|      |Cell |Count |
+------+-----+------+
|1     |LUT1 |     1|
|2     |LUT2 |     2|
|3     |LUT3 |     2|
|4     |LUT4 |     2|
|5     |LUT5 |    32|
|6     |LUT6 |     1|
|7     |FDRE |    76|
+------+-----+------+
---------------------------------------------------------------------------------
Finished Writing Synthesis Report : Time (s): cpu = 00:00:32 ; elapsed = 00:00:37 . Memory (MB): peak = 1231.562 ; gain = 0.000
---------------------------------------------------------------------------------
Synthesis finished with 0 errors, 0 critical warnings and 0 warnings.
Synthesis Optimization Runtime : Time (s): cpu = 00:00:22 ; elapsed = 00:00:34 . Memory (MB): peak = 1231.562 ; gain = 0.000
Synthesis Optimization Complete : Time (s): cpu = 00:00:32 ; elapsed = 00:00:37 . Memory (MB): peak = 1231.562 ; gain = 0.000
INFO: [Project 1-571] Translating synthesized netlist
Netlist sorting complete. Time (s): cpu = 00:00:00 ; elapsed = 00:00:00.003 . Memory (MB): peak = 1231.562 ; gain = 0.000
INFO: [Project 1-570] Preparing netlist for logic optimization
INFO: [Opt 31-138] Pushed 0 inverter(s) to 0 load pin(s).
Netlist sorting complete. Time (s): cpu = 00:00:00 ; elapsed = 00:00:00 . Memory (MB): peak = 1231.562 ; gain = 0.000
INFO: [Project 1-111] Unisim Transformation Summary:
No Unisim elements were transformed.

Synth Design complete, checksum: a50822ae
INFO: [Common 17-83] Releasing license: Synthesis
22 Infos, 3 Warnings, 0 Critical Warnings and 0 Errors encountered.
synth_design completed successfully
synth_design: Time (s): cpu = 00:00:39 ; elapsed = 00:00:44 . Memory (MB): peak = 1231.562 ; gain = 0.000
INFO: [Common 17-1381] The checkpoint 'C:/Users/jgpei/ebaz_hello_world/ebaz_hello_world.runs/design_1_axi_convolution_0_0_synth_1/design_1_axi_convolution_0_0.dcp' has been generated.
INFO: [Coretcl 2-1648] Added synthesis output to IP cache for IP design_1_axi_convolution_0_0, cache-ID = e2ea27c86b68a19f
INFO: [Common 17-1381] The checkpoint 'C:/Users/jgpei/ebaz_hello_world/ebaz_hello_world.runs/design_1_axi_convolution_0_0_synth_1/design_1_axi_convolution_0_0.dcp' has been generated.
INFO: [runtcl-4] Executing : report_utilization -file design_1_axi_convolution_0_0_utilization_synth.rpt -pb design_1_axi_convolution_0_0_utilization_synth.pb
INFO: [Common 17-206] Exiting Vivado at Sat Jun  1 19:17:42 2024...
