Reading netlist file: "C:\git\lenia_verilog\verilog\impl\gwsynthesis\lenia.vg"
Parsing netlist file "C:\git\lenia_verilog\verilog\impl\gwsynthesis\lenia.vg" completed
Processing netlist completed
Reading constraint file: "C:\git\lenia_verilog\verilog\src\pinout.cst"
Physical Constraint parsed completed
Running placement......
[10%] Placement Phase 0 completed
[20%] Placement Phase 1 completed
[30%] Placement Phase 2 completed
[50%] Placement Phase 3 completed
Running routing......
[60%] Routing Phase 0 completed
[70%] Routing Phase 1 completed
[80%] Routing Phase 2 completed
WARN  (PR1014) : Generic routing resource will be used to clock signal 'sys_clk_d' by the specified constraint. And then it may lead to the excessive delay or skew
WARN  (PR1014) : Generic routing resource will be used to clock signal 's1_d' by the specified constraint. And then it may lead to the excessive delay or skew
[90%] Routing Phase 3 completed
Running timing analysis......
[95%] Timing analysis completed
Placement and routing completed
Bitstream generation in progress......
Bitstream generation completed
Running power analysis......
[100%] Power analysis completed
Generate file "C:\git\lenia_verilog\verilog\impl\pnr\lenia.power.html" completed
Generate file "C:\git\lenia_verilog\verilog\impl\pnr\lenia.pin.html" completed
Generate file "C:\git\lenia_verilog\verilog\impl\pnr\lenia.rpt.html" completed
Generate file "C:\git\lenia_verilog\verilog\impl\pnr\lenia.rpt.txt" completed
Generate file "C:\git\lenia_verilog\verilog\impl\pnr\lenia.tr.html" completed
Mon May 27 21:14:12 2024

